<?xml version="1.0" encoding="UTF-8"?>
<!-- Generated by org.testng.reporters.JUnitReportReporter -->
<testsuite skipped="0" hostname="Shwetas-MacBook-Pro.local" name="hackathonapplitools.grid.tests.ShoppingExperienceTest" tests="2" failures="0" timestamp="2020-06-02T13:03:51 IST" time="7.950" errors="0">
  <testcase name="verifyFilter" time="4.192" classname="hackathonapplitools.grid.tests.ShoppingExperienceTest"/>
  <system-out/>
  <testcase name="verifyResetFilter" time="3.758" classname="hackathonapplitools.grid.tests.ShoppingExperienceTest"/>
  <system-out/>
</testsuite> <!-- hackathonapplitools.grid.tests.ShoppingExperienceTest -->
