<?xml version="1.0" encoding="UTF-8"?>
<!-- Generated by org.testng.reporters.JUnitReportReporter -->
<testsuite skipped="0" hostname="Shwetas-MacBook-Pro.local" name="hackathonapplitools.grid.tests.ProductDetailsTest" tests="1" failures="0" timestamp="2020-06-02T13:03:51 IST" time="6.422" errors="0">
  <testcase name="verifyProductDetailsPage" time="6.422" classname="hackathonapplitools.grid.tests.ProductDetailsTest"/>
  <system-out/>
</testsuite> <!-- hackathonapplitools.grid.tests.ProductDetailsTest -->
