<?xml version="1.0" encoding="UTF-8"?>
<!-- Generated by org.testng.reporters.JUnitReportReporter -->
<testsuite skipped="0" hostname="Shwetas-MacBook-Pro.local" name="hackathonapplitools.grid.AppTest" tests="1" failures="0" timestamp="2020-06-02T13:03:51 IST" time="0.000" errors="0">
  <testcase name="testApp" time="0.000" classname="hackathonapplitools.grid.AppTest"/>
  <system-out/>
</testsuite> <!-- hackathonapplitools.grid.AppTest -->
