<?xml version="1.0" encoding="UTF-8"?>
<!-- Generated by org.testng.reporters.JUnitReportReporter -->
<testsuite skipped="0" hostname="Shwetas-MacBook-Pro.local" name="hackathonapplitools.grid.tests.traditionalv1.ProductDetailsTest" tests="6" failures="0" timestamp="2020-06-08T23:02:01 IST" time="70.546" errors="0">
  <testcase name="verifyProductDetailsPage" time="18.114" classname="hackathonapplitools.grid.tests.traditionalv1.ProductDetailsTest"/>
  <system-out/>
  <testcase name="verifyProductDetailsPage" time="13.194" classname="hackathonapplitools.grid.tests.traditionalv1.ProductDetailsTest"/>
  <system-out/>
  <testcase name="verifyProductDetailsPage" time="9.787" classname="hackathonapplitools.grid.tests.traditionalv1.ProductDetailsTest"/>
  <system-out/>
  <testcase name="verifyProductDetailsPage" time="5.942" classname="hackathonapplitools.grid.tests.traditionalv1.ProductDetailsTest"/>
  <system-out/>
  <testcase name="verifyProductDetailsPage" time="12.824" classname="hackathonapplitools.grid.tests.traditionalv1.ProductDetailsTest"/>
  <system-out/>
  <testcase name="verifyProductDetailsPage" time="10.685" classname="hackathonapplitools.grid.tests.traditionalv1.ProductDetailsTest"/>
  <system-out/>
</testsuite> <!-- hackathonapplitools.grid.tests.traditionalv1.ProductDetailsTest -->
