<?xml version="1.0" encoding="UTF-8"?>
<!-- Generated by org.testng.reporters.JUnitReportReporter -->
<testsuite skipped="0" hostname="Shwetas-MacBook-Pro.local" name="hackathonapplitools.grid.ShoppingExperienceTest" tests="1" failures="0" timestamp="2020-05-30T14:14:37 IST" time="5.034" errors="0">
  <testcase name="verifyFilter" time="5.034" classname="hackathonapplitools.grid.ShoppingExperienceTest"/>
  <system-out/>
</testsuite> <!-- hackathonapplitools.grid.ShoppingExperienceTest -->
