<?xml version="1.0" encoding="UTF-8"?>
<!-- Generated by org.testng.reporters.JUnitReportReporter -->
<testsuite skipped="0" hostname="Shwetas-MacBook-Pro.local" name="hackathonapplitools.grid.tests.modern.ModernTestsV2" tests="3" failures="0" timestamp="2020-06-08T23:35:09 IST" time="34.207" errors="0">
  <testcase name="shoppingExperienceTest" time="11.838" classname="hackathonapplitools.grid.tests.modern.ModernTestsV2"/>
  <system-out/>
  <testcase name="crossDeviceElementsTest" time="10.066" classname="hackathonapplitools.grid.tests.modern.ModernTestsV2"/>
  <system-out/>
  <testcase name="productDetailsTest" time="12.303" classname="hackathonapplitools.grid.tests.modern.ModernTestsV2"/>
  <system-out/>
</testsuite> <!-- hackathonapplitools.grid.tests.modern.ModernTestsV2 -->
