<?xml version="1.0" encoding="UTF-8"?>
<!-- Generated by org.testng.reporters.JUnitReportReporter -->
<testsuite skipped="0" hostname="Shwetas-MacBook-Pro.local" name="hackathonapplitools.grid.tests.traditionalv2.ShoppingExperienceTest" tests="12" failures="0" timestamp="2020-06-08T23:02:01 IST" time="203.963" errors="0">
  <testcase name="verifyFilter" time="19.687" classname="hackathonapplitools.grid.tests.traditionalv2.ShoppingExperienceTest"/>
  <system-out/>
  <testcase name="verifyFilter" time="20.869" classname="hackathonapplitools.grid.tests.traditionalv2.ShoppingExperienceTest"/>
  <system-out/>
  <testcase name="verifyFilter" time="21.321" classname="hackathonapplitools.grid.tests.traditionalv2.ShoppingExperienceTest"/>
  <system-out/>
  <testcase name="verifyFilter" time="17.506" classname="hackathonapplitools.grid.tests.traditionalv2.ShoppingExperienceTest"/>
  <system-out/>
  <testcase name="verifyFilter" time="18.801" classname="hackathonapplitools.grid.tests.traditionalv2.ShoppingExperienceTest"/>
  <system-out/>
  <testcase name="verifyFilter" time="19.140" classname="hackathonapplitools.grid.tests.traditionalv2.ShoppingExperienceTest"/>
  <system-out/>
  <testcase name="verifyResetFilter" time="17.359" classname="hackathonapplitools.grid.tests.traditionalv2.ShoppingExperienceTest"/>
  <system-out/>
  <testcase name="verifyResetFilter" time="15.558" classname="hackathonapplitools.grid.tests.traditionalv2.ShoppingExperienceTest"/>
  <system-out/>
  <testcase name="verifyResetFilter" time="10.778" classname="hackathonapplitools.grid.tests.traditionalv2.ShoppingExperienceTest"/>
  <system-out/>
  <testcase name="verifyResetFilter" time="15.130" classname="hackathonapplitools.grid.tests.traditionalv2.ShoppingExperienceTest"/>
  <system-out/>
  <testcase name="verifyResetFilter" time="13.116" classname="hackathonapplitools.grid.tests.traditionalv2.ShoppingExperienceTest"/>
  <system-out/>
  <testcase name="verifyResetFilter" time="14.698" classname="hackathonapplitools.grid.tests.traditionalv2.ShoppingExperienceTest"/>
  <system-out/>
</testsuite> <!-- hackathonapplitools.grid.tests.traditionalv2.ShoppingExperienceTest -->
