<?xml version="1.0" encoding="UTF-8"?>
<!-- Generated by org.testng.reporters.JUnitReportReporter -->
<testsuite skipped="0" hostname="Shwetas-MacBook-Pro.local" name="hackathonapplitools.grid.CrossDeviceElementsTest" tests="3" failures="0" timestamp="2020-05-30T14:14:37 IST" time="11.615" errors="0">
  <testcase name="elementVisibilityOnLaptop" time="3.889" classname="hackathonapplitools.grid.CrossDeviceElementsTest"/>
  <system-out/>
  <testcase name="elementVisibilityOnTablet" time="3.879" classname="hackathonapplitools.grid.CrossDeviceElementsTest"/>
  <system-out/>
  <testcase name="elementVisibilityOnPhone" time="3.847" classname="hackathonapplitools.grid.CrossDeviceElementsTest"/>
  <system-out/>
</testsuite> <!-- hackathonapplitools.grid.CrossDeviceElementsTest -->
