<?xml version="1.0" encoding="UTF-8"?>
<!-- Generated by org.testng.reporters.JUnitReportReporter -->
<testsuite skipped="0" hostname="Shwetas-MacBook-Pro.local" name="hackathonapplitools.grid.tests.modern.ModernTestsV1" tests="3" failures="0" timestamp="2020-06-08T23:16:13 IST" time="35.258" errors="0">
  <testcase name="shoppingExperienceTest" time="11.591" classname="hackathonapplitools.grid.tests.modern.ModernTestsV1"/>
  <system-out/>
  <testcase name="crossDeviceElementsTest" time="11.016" classname="hackathonapplitools.grid.tests.modern.ModernTestsV1"/>
  <system-out/>
  <testcase name="productDetailsTest" time="12.651" classname="hackathonapplitools.grid.tests.modern.ModernTestsV1"/>
  <system-out/>
</testsuite> <!-- hackathonapplitools.grid.tests.modern.ModernTestsV1 -->
