<?xml version="1.0" encoding="UTF-8"?>
<!-- Generated by org.testng.reporters.JUnitReportReporter -->
<testsuite skipped="0" hostname="Shwetas-MacBook-Pro.local" name="hackathonapplitools.grid.tests.traditionalv2.ProductDetailsTest" tests="6" failures="0" timestamp="2020-06-08T23:02:01 IST" time="68.293" errors="0">
  <testcase name="verifyProductDetailsPage" time="13.104" classname="hackathonapplitools.grid.tests.traditionalv2.ProductDetailsTest"/>
  <system-out/>
  <testcase name="verifyProductDetailsPage" time="16.216" classname="hackathonapplitools.grid.tests.traditionalv2.ProductDetailsTest"/>
  <system-out/>
  <testcase name="verifyProductDetailsPage" time="9.044" classname="hackathonapplitools.grid.tests.traditionalv2.ProductDetailsTest"/>
  <system-out/>
  <testcase name="verifyProductDetailsPage" time="12.826" classname="hackathonapplitools.grid.tests.traditionalv2.ProductDetailsTest"/>
  <system-out/>
  <testcase name="verifyProductDetailsPage" time="11.356" classname="hackathonapplitools.grid.tests.traditionalv2.ProductDetailsTest"/>
  <system-out/>
  <testcase name="verifyProductDetailsPage" time="5.747" classname="hackathonapplitools.grid.tests.traditionalv2.ProductDetailsTest"/>
  <system-out/>
</testsuite> <!-- hackathonapplitools.grid.tests.traditionalv2.ProductDetailsTest -->
