<?xml version="1.0" encoding="UTF-8"?>
<!-- Generated by org.testng.reporters.JUnitReportReporter -->
<testsuite skipped="0" hostname="Shwetas-MacBook-Pro.local" name="hackathonapplitools.grid.tests.traditionalv2.CrossDeviceElementsTest" tests="9" failures="0" timestamp="2020-06-08T23:02:01 IST" time="58.118" errors="0">
  <testcase name="elementVisibilityOnLaptop" time="6.128" classname="hackathonapplitools.grid.tests.traditionalv2.CrossDeviceElementsTest"/>
  <system-out/>
  <testcase name="elementVisibilityOnLaptop" time="5.273" classname="hackathonapplitools.grid.tests.traditionalv2.CrossDeviceElementsTest"/>
  <system-out/>
  <testcase name="elementVisibilityOnLaptop" time="4.560" classname="hackathonapplitools.grid.tests.traditionalv2.CrossDeviceElementsTest"/>
  <system-out/>
  <testcase name="elementVisibilityOnTablet" time="10.771" classname="hackathonapplitools.grid.tests.traditionalv2.CrossDeviceElementsTest"/>
  <system-out/>
  <testcase name="elementVisibilityOnTablet" time="4.825" classname="hackathonapplitools.grid.tests.traditionalv2.CrossDeviceElementsTest"/>
  <system-out/>
  <testcase name="elementVisibilityOnTablet" time="3.791" classname="hackathonapplitools.grid.tests.traditionalv2.CrossDeviceElementsTest"/>
  <system-out/>
  <testcase name="elementVisibilityOnPhone" time="11.168" classname="hackathonapplitools.grid.tests.traditionalv2.CrossDeviceElementsTest"/>
  <system-out/>
  <testcase name="elementVisibilityOnPhone" time="4.488" classname="hackathonapplitools.grid.tests.traditionalv2.CrossDeviceElementsTest"/>
  <system-out/>
  <testcase name="elementVisibilityOnPhone" time="7.114" classname="hackathonapplitools.grid.tests.traditionalv2.CrossDeviceElementsTest"/>
  <system-out/>
</testsuite> <!-- hackathonapplitools.grid.tests.traditionalv2.CrossDeviceElementsTest -->
