<?xml version="1.0" encoding="UTF-8"?>
<!-- Generated by org.testng.reporters.JUnitReportReporter -->
<testsuite skipped="0" hostname="Shwetas-MacBook-Pro.local" name="hackathonapplitools.grid.tests.traditionalv1.ShoppingExperienceTest" tests="12" failures="0" timestamp="2020-06-08T23:02:01 IST" time="196.961" errors="0">
  <testcase name="verifyFilter" time="17.304" classname="hackathonapplitools.grid.tests.traditionalv1.ShoppingExperienceTest"/>
  <system-out/>
  <testcase name="verifyFilter" time="18.460" classname="hackathonapplitools.grid.tests.traditionalv1.ShoppingExperienceTest"/>
  <system-out/>
  <testcase name="verifyFilter" time="13.839" classname="hackathonapplitools.grid.tests.traditionalv1.ShoppingExperienceTest"/>
  <system-out/>
  <testcase name="verifyFilter" time="19.370" classname="hackathonapplitools.grid.tests.traditionalv1.ShoppingExperienceTest"/>
  <system-out/>
  <testcase name="verifyFilter" time="14.386" classname="hackathonapplitools.grid.tests.traditionalv1.ShoppingExperienceTest"/>
  <system-out/>
  <testcase name="verifyFilter" time="21.871" classname="hackathonapplitools.grid.tests.traditionalv1.ShoppingExperienceTest"/>
  <system-out/>
  <testcase name="verifyResetFilter" time="14.030" classname="hackathonapplitools.grid.tests.traditionalv1.ShoppingExperienceTest"/>
  <system-out/>
  <testcase name="verifyResetFilter" time="17.282" classname="hackathonapplitools.grid.tests.traditionalv1.ShoppingExperienceTest"/>
  <system-out/>
  <testcase name="verifyResetFilter" time="10.403" classname="hackathonapplitools.grid.tests.traditionalv1.ShoppingExperienceTest"/>
  <system-out/>
  <testcase name="verifyResetFilter" time="9.984" classname="hackathonapplitools.grid.tests.traditionalv1.ShoppingExperienceTest"/>
  <system-out/>
  <testcase name="verifyResetFilter" time="20.736" classname="hackathonapplitools.grid.tests.traditionalv1.ShoppingExperienceTest"/>
  <system-out/>
  <testcase name="verifyResetFilter" time="19.296" classname="hackathonapplitools.grid.tests.traditionalv1.ShoppingExperienceTest"/>
  <system-out/>
</testsuite> <!-- hackathonapplitools.grid.tests.traditionalv1.ShoppingExperienceTest -->
