<?xml version="1.0" encoding="UTF-8"?>
<!-- Generated by org.testng.reporters.JUnitReportReporter -->
<testsuite skipped="0" hostname="Shwetas-MacBook-Pro.local" name="hackathonapplitools.grid.tests.traditionalv1.CrossDeviceElementsTest" tests="9" failures="0" timestamp="2020-06-08T23:02:01 IST" time="52.778" errors="0">
  <testcase name="elementVisibilityOnLaptop" time="7.412" classname="hackathonapplitools.grid.tests.traditionalv1.CrossDeviceElementsTest"/>
  <system-out/>
  <testcase name="elementVisibilityOnLaptop" time="4.456" classname="hackathonapplitools.grid.tests.traditionalv1.CrossDeviceElementsTest"/>
  <system-out/>
  <testcase name="elementVisibilityOnLaptop" time="8.016" classname="hackathonapplitools.grid.tests.traditionalv1.CrossDeviceElementsTest"/>
  <system-out/>
  <testcase name="elementVisibilityOnTablet" time="5.921" classname="hackathonapplitools.grid.tests.traditionalv1.CrossDeviceElementsTest"/>
  <system-out/>
  <testcase name="elementVisibilityOnTablet" time="4.831" classname="hackathonapplitools.grid.tests.traditionalv1.CrossDeviceElementsTest"/>
  <system-out/>
  <testcase name="elementVisibilityOnTablet" time="6.717" classname="hackathonapplitools.grid.tests.traditionalv1.CrossDeviceElementsTest"/>
  <system-out/>
  <testcase name="elementVisibilityOnPhone" time="3.943" classname="hackathonapplitools.grid.tests.traditionalv1.CrossDeviceElementsTest"/>
  <system-out/>
  <testcase name="elementVisibilityOnPhone" time="6.070" classname="hackathonapplitools.grid.tests.traditionalv1.CrossDeviceElementsTest"/>
  <system-out/>
  <testcase name="elementVisibilityOnPhone" time="5.412" classname="hackathonapplitools.grid.tests.traditionalv1.CrossDeviceElementsTest"/>
  <system-out/>
</testsuite> <!-- hackathonapplitools.grid.tests.traditionalv1.CrossDeviceElementsTest -->
